#
# A fatal error has been detected by the Java Runtime Environment:
#
# java.lang.OutOfMemoryError: requested 910736 bytes for Chunk::new. Out of swap space?
#
#  Internal Error (allocation.cpp:215), pid=3356, tid=3672
#  Error: Chunk::new
#
# JRE version: 6.0_17-b04
# Java VM: Java HotSpot(TM) 64-Bit Server VM (14.3-b01 mixed mode windows-amd64 )
# If you would like to submit a bug report, please visit:
#   http://java.sun.com/webapps/bugreport/crash.jsp
#

---------------  T H R E A D  ---------------

Current thread (0x000000004397e000):  JavaThread "CompilerThread1" daemon [_thread_in_native, id=3672, stack(0x0000000057ad0000,0x000000005bad0000)]

Stack: [0x0000000057ad0000,0x000000005bad0000]

Current CompileTask:
C2:1699      com.mathworks.mde.cmdwin.CmdWinSyntaxUI$SyntaxPlainView.drawUnselectedText(Ljava/awt/Graphics;IIII)I (678 bytes)


---------------  P R O C E S S  ---------------

Java Threads: ( => current thread )
  0x00000000662c3800 JavaThread "Code Analyzer updating thread" [_thread_blocked, id=5676, stack(0x0000000162d70000,0x0000000166d70000)]
  0x00000000662c2800 JavaThread "Code Analyzer updating thread" [_thread_blocked, id=5504, stack(0x0000000180010000,0x0000000184010000)]
  0x00000000662bf000 JavaThread "Prefs Updater" daemon [_thread_blocked, id=7112, stack(0x00000001788c0000,0x000000017c8c0000)]
  0x00000000662c0800 JavaThread "Timer-2" daemon [_thread_blocked, id=3976, stack(0x0000000108fd0000,0x000000010cfd0000)]
  0x000000007e1df000 JavaThread "com.jniwrapper.NativeResourceCollector" daemon [_thread_blocked, id=1624, stack(0x00000000e4fd0000,0x00000000e8fd0000)]
  0x000000007070b800 JavaThread "Swing-Shell" daemon [_thread_blocked, id=6676, stack(0x0000000100fd0000,0x0000000104fd0000)]
  0x000000007e1e2800 JavaThread "Code Analyzer updating thread" [_thread_blocked, id=4376, stack(0x00000000f8fd0000,0x00000000fcfd0000)]
  0x000000007e1e2000 JavaThread "Code Analyzer updating thread" [_thread_blocked, id=3284, stack(0x00000000f4fd0000,0x00000000f8fd0000)]
  0x000000007e1e1000 JavaThread "Active Reference Queue Daemon" daemon [_thread_blocked, id=5680, stack(0x00000000f0fd0000,0x00000000f4fd0000)]
  0x000000007e1e0000 JavaThread "Timer-1" daemon [_thread_blocked, id=5432, stack(0x00000000ecfd0000,0x00000000f0fd0000)]
  0x000000007e1e0800 JavaThread "ClipboardMonitor Timer" daemon [_thread_blocked, id=804, stack(0x00000000e8fd0000,0x00000000ecfd0000)]
  0x000000007e1de800 JavaThread "Explorer NavigationContext request queue" daemon [_thread_blocked, id=1920, stack(0x00000000e0fd0000,0x00000000e4fd0000)]
  0x000000007e1dd000 JavaThread "AddressBar directory emptiness poller" daemon [_thread_blocked, id=7148, stack(0x00000000d8fd0000,0x00000000dcfd0000)]
  0x000000007e1dc000 JavaThread "Explorer Refresh Service 43084472" daemon [_thread_blocked, id=7156, stack(0x00000000d4fd0000,0x00000000d8fd0000)]
  0x0000000066497000 JavaThread "Thread-4" daemon [_thread_blocked, id=2972, stack(0x00000000c8000000,0x00000000cc000000)]
  0x0000000066495000 JavaThread "TimerQueue" daemon [_thread_blocked, id=6964, stack(0x00000000b0000000,0x00000000b4000000)]
  0x0000000066494000 JavaThread "Thread-3" daemon [_thread_blocked, id=7088, stack(0x00000000a0000000,0x00000000a4000000)]
  0x0000000066493800 JavaThread "AWT-EventQueue-0" [_thread_blocked, id=4496, stack(0x000000009c000000,0x00000000a0000000)]
  0x0000000066493000 JavaThread "AWT-Shutdown" [_thread_blocked, id=2368, stack(0x0000000098000000,0x000000009c000000)]
  0x0000000066492000 JavaThread "FelixPackageAdmin" daemon [_thread_blocked, id=4272, stack(0x00000000ac000000,0x00000000b0000000)]
  0x0000000066491800 JavaThread "FelixStartLevel" daemon [_thread_blocked, id=3844, stack(0x00000000a8000000,0x00000000ac000000)]
  0x00000000668c3800 JavaThread "FelixDispatchQueue" daemon [_thread_blocked, id=7068, stack(0x00000000a4000000,0x00000000a8000000)]
  0x0000000065bd3000 JavaThread "com.google.common.base.internal.Finalizer" daemon [_thread_blocked, id=2936, stack(0x0000000094000000,0x0000000098000000)]
  0x0000000065bd2800 JavaThread "AWT-Windows" daemon [_thread_blocked, id=4224, stack(0x000000008c000000,0x0000000090000000)]
  0x00000000664c4800 JavaThread "Java2D Disposer" daemon [_thread_blocked, id=3256, stack(0x0000000084000000,0x0000000088000000)]
  0x0000000063da1000 JavaThread "Timer-0" [_thread_blocked, id=6428, stack(0x0000000080000000,0x0000000084000000)]
  0x0000000065d8b800 JavaThread "EventMgr Dispatcher" daemon [_thread_in_native, id=6932, stack(0x0000000068930000,0x000000006c930000)]
  0x0000000043981800 JavaThread "Low Memory Detector" daemon [_thread_blocked, id=3364, stack(0x000000005bad0000,0x000000005fad0000)]
=>0x000000004397e000 JavaThread "CompilerThread1" daemon [_thread_in_native, id=3672, stack(0x0000000057ad0000,0x000000005bad0000)]
  0x0000000043978000 JavaThread "CompilerThread0" daemon [_thread_blocked, id=6920, stack(0x0000000053ad0000,0x0000000057ad0000)]
  0x00000000064ff000 JavaThread "Attach Listener" daemon [_thread_blocked, id=1532, stack(0x000000004fad0000,0x0000000053ad0000)]
  0x00000000064e8000 JavaThread "Finalizer" daemon [_thread_blocked, id=2380, stack(0x000000004bad0000,0x000000004fad0000)]
  0x00000000064e5000 JavaThread "Reference Handler" daemon [_thread_blocked, id=3552, stack(0x0000000047ad0000,0x000000004bad0000)]
  0x000000000654e800 JavaThread "main" [_thread_in_native, id=2124, stack(0x0000000000030000,0x0000000004030000)]

Other Threads:
  0x0000000043932000 VMThread [stack: 0x0000000043ad0000,0x0000000047ad0000] [id=3828]
  0x00000000439be000 WatcherThread [stack: 0x000000005fad0000,0x0000000063ad0000] [id=3836]

VM state:at safepoint (normal execution)

VM Mutex/Monitor currently owned by a thread:  ([mutex/lock_event])
[0x000000000642e6e0] Threads_lock - owner thread: 0x0000000043932000
[0x000000000642ebe0] Heap_lock - owner thread: 0x0000000066493800

Heap
 PSYoungGen      total 27968K, used 2590K [0x00000000387d0000, 0x000000003aa30000, 0x000000003b8d0000)
  eden space 21248K, 0% used [0x00000000387d0000,0x00000000387d0000,0x0000000039c90000)
  from space 6720K, 38% used [0x0000000039c90000,0x0000000039f17b30,0x000000003a320000)
  to   space 6528K, 0% used [0x000000003a3d0000,0x000000003a3d0000,0x000000003aa30000)
 PSOldGen        total 109184K, used 104103K [0x000000002f4d0000, 0x0000000035f70000, 0x00000000387d0000)
  object space 109184K, 95% used [0x000000002f4d0000,0x0000000035a79c78,0x0000000035f70000)
 PSPermGen       total 122560K, used 74019K [0x00000000274d0000, 0x000000002ec80000, 0x000000002f4d0000)
  object space 122560K, 60% used [0x00000000274d0000,0x000000002bd18e48,0x000000002ec80000)

Dynamic libraries:
0x0000000140000000 - 0x0000000140028000 	C:\Program Files\MATLAB\R2013a\bin\win64\MATLAB.exe
0x0000000077030000 - 0x00000000771d9000 	C:\Windows\SYSTEM32\ntdll.dll
0x0000000076e10000 - 0x0000000076f2f000 	C:\Windows\system32\kernel32.dll
0x000007fefcff0000 - 0x000007fefd05b000 	C:\Windows\system32\KERNELBASE.dll
0x0000000074460000 - 0x0000000074515000 	C:\Program Files\MATLAB\R2013a\bin\win64\libut.dll
0x00000000758a0000 - 0x000000007595f000 	C:\Program Files\MATLAB\R2013a\bin\win64\libmwi18n.dll
0x0000000180000000 - 0x000000018000d000 	C:\Program Files\MATLAB\R2013a\bin\win64\libmwresource_core.dll
0x0000000073b00000 - 0x0000000073b98000 	C:\Program Files\MATLAB\R2013a\bin\win64\MSVCP100.dll
0x00000000685f0000 - 0x00000000686c2000 	C:\Program Files\MATLAB\R2013a\bin\win64\MSVCR100.dll
0x0000000073c30000 - 0x0000000073c3e000 	C:\Program Files\MATLAB\R2013a\bin\win64\boost_date_time-vc100-mt-1_49.dll
0x0000000073c00000 - 0x0000000073c2c000 	C:\Program Files\MATLAB\R2013a\bin\win64\boost_filesystem-vc100-mt-1_49.dll
0x0000000073bf0000 - 0x0000000073bf9000 	C:\Program Files\MATLAB\R2013a\bin\win64\boost_system-vc100-mt-1_49.dll
0x000007fefe6d0000 - 0x000007fefe7ab000 	C:\Windows\system32\ADVAPI32.dll
0x000007feff130000 - 0x000007feff1cf000 	C:\Windows\system32\msvcrt.dll
0x000007fefefc0000 - 0x000007fefefdf000 	C:\Windows\SYSTEM32\sechost.dll
0x000007fefeb70000 - 0x000007fefec9d000 	C:\Windows\system32\RPCRT4.dll
0x0000000073bc0000 - 0x0000000073be5000 	C:\Program Files\MATLAB\R2013a\bin\win64\LIBEXPAT.dll
0x00000000687a0000 - 0x000000006892a000 	C:\Program Files\MATLAB\R2013a\bin\win64\icuin49.dll
0x00000000684b0000 - 0x00000000685ee000 	C:\Program Files\MATLAB\R2013a\bin\win64\icuuc49.dll
0x00000000642f0000 - 0x0000000065412000 	C:\Program Files\MATLAB\R2013a\bin\win64\icudt49.dll
0x0000000073bb0000 - 0x0000000073bc0000 	C:\Program Files\MATLAB\R2013a\bin\win64\icuio49.dll
0x0000000073f70000 - 0x0000000074112000 	C:\Program Files\MATLAB\R2013a\bin\win64\libmwfl.dll
0x000000007a350000 - 0x000000007a737000 	C:\Program Files\MATLAB\R2013a\bin\win64\libmwMATLAB_res.dll
0x00000000683d0000 - 0x00000000684af000 	C:\Program Files\MATLAB\R2013a\bin\win64\boost_regex-vc100-mt-1_49.dll
0x0000000076f30000 - 0x000000007702a000 	C:\Windows\system32\USER32.dll
0x000007feff1d0000 - 0x000007feff237000 	C:\Windows\system32\GDI32.dll
0x000007fefefb0000 - 0x000007fefefbe000 	C:\Windows\system32\LPK.dll
0x000007feff060000 - 0x000007feff129000 	C:\Windows\system32\USP10.dll
0x0000000073ae0000 - 0x0000000073af1000 	C:\Program Files\MATLAB\R2013a\bin\win64\boost_signals-vc100-mt-1_49.dll
0x000000006ce70000 - 0x000000006ce81000 	C:\Program Files\MATLAB\R2013a\bin\win64\boost_thread-vc100-mt-1_49.dll
0x000007fef08b0000 - 0x000007fef093c000 	C:\Program Files\MATLAB\R2013a\bin\win64\boost_log-vc100-mt-1_49.dll
0x00000000771f0000 - 0x00000000771f7000 	C:\Windows\system32\PSAPI.DLL
0x000007fefeb20000 - 0x000007fefeb6d000 	C:\Windows\system32\WS2_32.dll
0x000007fefd520000 - 0x000007fefd528000 	C:\Windows\system32\NSI.dll
0x000007fef8c10000 - 0x000007fef8c43000 	C:\Program Files\MATLAB\R2013a\bin\win64\tbb.dll
0x000007fefd500000 - 0x000007fefd519000 	C:\Windows\system32\imagehlp.dll
0x000007fefa980000 - 0x000007fefa9ac000 	C:\Windows\system32\POWRPROF.dll
0x000007fefd320000 - 0x000007fefd4f7000 	C:\Windows\system32\SETUPAPI.dll
0x000007fefcee0000 - 0x000007fefcf16000 	C:\Windows\system32\CFGMGR32.dll
0x000007fefd240000 - 0x000007fefd317000 	C:\Windows\system32\OLEAUT32.dll
0x000007fefe2c0000 - 0x000007fefe4c3000 	C:\Windows\system32\ole32.dll
0x000007fefcf20000 - 0x000007fefcf3a000 	C:\Windows\system32\DEVOBJ.dll
0x0000000004200000 - 0x0000000004221000 	C:\Program Files\MATLAB\R2013a\bin\win64\libmwmfl_scalar.dll
0x000007fef4fc0000 - 0x000007fef50e5000 	C:\Windows\system32\dbghelp.dll
0x0000000004230000 - 0x000000000455f000 	C:\Program Files\MATLAB\R2013a\bin\win64\libmwservices.dll
0x0000000075a20000 - 0x0000000075b0b000 	C:\Program Files\MATLAB\R2013a\bin\win64\libmx.dll
0x000007fef8be0000 - 0x000007fef8c08000 	C:\Program Files\MATLAB\R2013a\bin\win64\tbbmalloc.dll
0x000000006ce50000 - 0x000000006ce67000 	C:\Program Files\MATLAB\R2013a\bin\win64\zlib1.dll
0x0000000004560000 - 0x00000000045ae000 	C:\Program Files\MATLAB\R2013a\bin\win64\libmwregexp.dll
0x0000000075f10000 - 0x0000000075f57000 	C:\Program Files\MATLAB\R2013a\bin\win64\mpath.dll
0x000000007b680000 - 0x000000007bc66000 	C:\Program Files\MATLAB\R2013a\bin\win64\mlutil.dll
0x00000000754d0000 - 0x0000000075547000 	C:\Program Files\MATLAB\R2013a\bin\win64\xmlcore.dll
0x0000000067ec0000 - 0x0000000068101000 	C:\Program Files\MATLAB\R2013a\bin\win64\xerces-c_2_7.dll
0x00000000045c0000 - 0x00000000045e2000 	C:\Program Files\MATLAB\R2013a\bin\win64\libmwMATLAB_settings_res.dll
0x000007fefaa90000 - 0x000007fefaaa0000 	C:\Program Files\MATLAB\R2013a\bin\win64\boost_iostreams-vc100-mt-1_49.dll
0x000007fef8b90000 - 0x000007fef8bd6000 	C:\Program Files\MATLAB\R2013a\bin\win64\boost_serialization-vc100-mt-1_49.dll
0x000007fefd530000 - 0x000007fefe2b8000 	C:\Windows\system32\SHELL32.dll
0x000007fefefe0000 - 0x000007feff051000 	C:\Windows\system32\SHLWAPI.dll
0x00000000045f0000 - 0x00000000045f6000 	C:\Program Files\MATLAB\R2013a\bin\win64\libmwnativedisplay.dll
0x000007fef8950000 - 0x000007fef89f0000 	C:\Windows\WinSxS\amd64_microsoft.windows.common-controls_6595b64144ccf1df_5.82.7601.18201_none_a4d3b9377117c3df\COMCTL32.dll
0x000007feff2a0000 - 0x000007feff337000 	C:\Windows\system32\COMDLG32.dll
0x000007fefaed0000 - 0x000007fefaee6000 	C:\Windows\system32\NETAPI32.dll
0x000007fefaec0000 - 0x000007fefaecc000 	C:\Windows\system32\netutils.dll
0x000007fefcbc0000 - 0x000007fefcbe3000 	C:\Windows\system32\srvcli.dll
0x000007fefaea0000 - 0x000007fefaeb5000 	C:\Windows\system32\wkscli.dll
0x0000000074970000 - 0x0000000074a18000 	C:\Program Files\MATLAB\R2013a\bin\win64\mcr.dll
0x0000000075000000 - 0x00000000753b1000 	C:\Program Files\MATLAB\R2013a\bin\win64\iqm.dll
0x0000000074e80000 - 0x0000000074f30000 	C:\Program Files\MATLAB\R2013a\bin\win64\m_dispatcher.dll
0x0000000004600000 - 0x0000000004e08000 	C:\Program Files\MATLAB\R2013a\bin\win64\m_interpreter.dll
0x0000000004e10000 - 0x0000000004e34000 	C:\Program Files\MATLAB\R2013a\bin\win64\libmex.dll
0x0000000075430000 - 0x00000000754ab000 	C:\Program Files\MATLAB\R2013a\bin\win64\profiler.dll
0x0000000004e40000 - 0x00000000050c3000 	C:\Program Files\MATLAB\R2013a\bin\win64\libmwmathutil.dll
0x0000000079f40000 - 0x0000000079f66000 	C:\Program Files\MATLAB\R2013a\bin\win64\libmwmathrng.dll
0x00000000050d0000 - 0x00000000050e0000 	C:\Program Files\MATLAB\R2013a\bin\win64\libmwmfl_rng.dll
0x0000000074c10000 - 0x0000000074cf8000 	C:\Program Files\MATLAB\R2013a\bin\win64\libmwmathcore.dll
0x0000000076160000 - 0x00000000761c3000 	C:\Program Files\MATLAB\R2013a\bin\win64\libmwspmatrix.dll
0x000000007b0a0000 - 0x000000007b2f6000 	C:\Program Files\MATLAB\R2013a\bin\win64\mcos.dll
0x0000000075ea0000 - 0x0000000075f02000 	C:\Program Files\MATLAB\R2013a\bin\win64\libmwcholmod.dll
0x00000000050f0000 - 0x00000000050fd000 	C:\Program Files\MATLAB\R2013a\bin\win64\libmwamd.dll
0x000000006ef60000 - 0x000000006f003000 	C:\Windows\WinSxS\amd64_microsoft.vc90.crt_1fc8b3b9a1e18e3b_9.0.30729.6161_none_08e61857a83bc251\MSVCR90.dll
0x0000000005110000 - 0x000000000511c000 	C:\Program Files\MATLAB\R2013a\bin\win64\libmwcolamd.dll
0x000000007a290000 - 0x000000007a2a3000 	C:\Program Files\MATLAB\R2013a\bin\win64\libmwblas.dll
0x000000007a310000 - 0x000000007a325000 	C:\Program Files\MATLAB\R2013a\bin\win64\libmwbinder.dll
0x0000000005130000 - 0x000000000513b000 	C:\Program Files\MATLAB\R2013a\bin\win64\libmwompwrapper.dll
0x0000000075820000 - 0x000000007589e000 	C:\Program Files\MATLAB\R2013a\bin\win64\libmwlapack.dll
0x000000007a1b0000 - 0x000000007a1d0000 	C:\Program Files\MATLAB\R2013a\bin\win64\m_pcodeio.dll
0x0000000079b10000 - 0x0000000079b6c000 	C:\Program Files\MATLAB\R2013a\bin\win64\m_ir.dll
0x0000000078ed0000 - 0x0000000079579000 	C:\Program Files\MATLAB\R2013a\bin\win64\m_parser.dll
0x000000007a2f0000 - 0x000000007a307000 	C:\Program Files\MATLAB\R2013a\bin\win64\ir_xfmr.dll
0x0000000005140000 - 0x0000000005150000 	C:\Program Files\MATLAB\R2013a\bin\win64\mtok.dll
0x000000007a130000 - 0x000000007a158000 	C:\Program Files\MATLAB\R2013a\bin\win64\m_pcodegen.dll
0x0000000079fb0000 - 0x0000000079fdf000 	C:\Program Files\MATLAB\R2013a\bin\win64\libmwbridge.dll
0x0000000074f40000 - 0x0000000074ff6000 	C:\Program Files\MATLAB\R2013a\bin\win64\udd.dll
0x0000000073cc0000 - 0x0000000073e0e000 	C:\Program Files\MATLAB\R2013a\bin\win64\libmwgui.dll
0x000000007a1d0000 - 0x000000007a1f4000 	C:\Program Files\MATLAB\R2013a\bin\win64\graphics_util.dll
0x000007feeed50000 - 0x000007feeee08000 	C:\Program Files\MATLAB\R2013a\bin\win64\libtex_base.dll
0x0000000005150000 - 0x0000000005a93000 	C:\Program Files\MATLAB\R2013a\bin\win64\hg.dll
0x0000000076100000 - 0x000000007615a000 	C:\Program Files\MATLAB\R2013a\bin\win64\libmat.dll
0x0000000072d30000 - 0x0000000072f38000 	C:\Program Files\MATLAB\R2013a\bin\win64\hdf5dll.dll
0x0000000075710000 - 0x00000000757d8000 	C:\Program Files\MATLAB\R2013a\bin\win64\jmi.dll
0x0000000005ab0000 - 0x0000000005abe000 	C:\Program Files\MATLAB\R2013a\bin\win64\nativejava_services.dll
0x0000000005ac0000 - 0x0000000005b00000 	C:\Program Files\MATLAB\R2013a\bin\win64\libmwhardcopy.dll
0x0000000075c70000 - 0x0000000075cce000 	C:\Program Files\MATLAB\R2013a\bin\win64\libuij.dll
0x0000000072f50000 - 0x000000007318f000 	C:\Program Files\MATLAB\R2013a\bin\win64\hgdatatypes.dll
0x0000000005b00000 - 0x0000000005beb000 	C:\Program Files\MATLAB\R2013a\bin\win64\hgutils.dll
0x0000000005bf0000 - 0x0000000005c9e000 	C:\Program Files\MATLAB\R2013a\bin\win64\udd_mi.dll
0x0000000005ca0000 - 0x0000000005cd6000 	C:\Program Files\MATLAB\R2013a\bin\win64\libmwgbtutils.dll
0x0000000005ce0000 - 0x0000000005cf4000 	C:\Program Files\MATLAB\R2013a\bin\win64\libmwgbt.dll
0x0000000005d00000 - 0x0000000005fce000 	C:\Program Files\MATLAB\R2013a\bin\win64\uiw.dll
0x0000000005fd0000 - 0x0000000005fd9000 	C:\Program Files\MATLAB\R2013a\bin\win64\uinone.dll
0x0000000005fe0000 - 0x0000000006006000 	C:\Program Files\MATLAB\R2013a\bin\win64\libmwnativefiledialogs.dll
0x0000000006010000 - 0x000000000601c000 	C:\Program Files\MATLAB\R2013a\bin\win64\libmwplatform_res.dll
0x000007fef72e0000 - 0x000007fef72f8000 	C:\Windows\system32\MPR.dll
0x0000000067960000 - 0x0000000067ebd000 	C:\Program Files\MATLAB\R2013a\bin\win64\mfc100.dll
0x000007fefab20000 - 0x000007fefab27000 	C:\Windows\system32\MSIMG32.dll
0x000007fef8110000 - 0x000007fef8181000 	C:\Windows\system32\WINSPOOL.DRV
0x0000000006020000 - 0x000000000603d000 	C:\Program Files\MATLAB\R2013a\bin\win64\mwoles05.DLL
0x0000000006040000 - 0x00000000060ac000 	C:\Program Files\MATLAB\R2013a\bin\win64\comcli.dll
0x0000000067930000 - 0x000000006795b000 	C:\Program Files\MATLAB\R2013a\bin\win64\ATL100.DLL
0x00000000060b0000 - 0x00000000060bc000 	C:\Program Files\MATLAB\R2013a\bin\win64\mlautoregister.dll
0x00000000060c0000 - 0x0000000006216000 	C:\Program Files\MATLAB\R2013a\bin\win64\mvm.dll
0x000007fefeaf0000 - 0x000007fefeb1e000 	C:\Windows\system32\IMM32.DLL
0x000007fefe9e0000 - 0x000007fefeae9000 	C:\Windows\system32\MSCTF.dll
0x000007fefb700000 - 0x000007fefb756000 	C:\Windows\system32\UxTheme.dll
0x000007fefb1f0000 - 0x000007fefb208000 	C:\Windows\system32\dwmapi.dll
0x0000000073ba0000 - 0x0000000073bad000 	C:\Program Files\MATLAB\R2013a\bin\win64\MFC100ENU.DLL
0x00000000062a0000 - 0x00000000062ee000 	C:\Program Files\MATLAB\R2013a\bin\win64\MVMLocal.dll
0x0000000078870000 - 0x0000000078ecd000 	C:\Program Files\MATLAB\R2013a\sys\java\jre\win64\jre\bin\server\jvm.dll

VM Arguments:
jvm_args: -XX:PermSize=32m -Xms64m -XX:NewRatio=3 -XX:MaxPermSize=128m -Xmx196m -XX:MaxDirectMemorySize=2147400000 -Dsun.java2d.noddraw=true -Dsun.awt.nopixfmt=true -Xshare:off -Xrs -Dsun.awt.disableMixing=true -Djava.library.path=C:\Program Files\MATLAB\R2013a\bin\win64;C:\Program Files\MATLAB\R2013a\sys\jxbrowser\win64\lib vfprintf abort 
java_command: <unknown>
Launcher Type: generic

Environment Variables:
JAVA_HOME=C:\Program Files\Java\jre7
CLASSPATH=.;C:\Program Files (x86)\Java\jre7\lib\ext\QTJava.zip
PATH=C:\Program Files\NVIDIA GPU Computing Toolkit\CUDA\v4.1\\bin;C:\Program Files\NVIDIA GPU Computing Toolkit\CUDA\v4.1\libnvvp\;C:\Program Files (x86)\NVIDIA Corporation\PhysX\Common;C:\Program Files\NVIDIA GPU Computing Toolkit\CUDA\v5.0\bin\;C:\Program Files\NVIDIA GPU Computing Toolkit\CUDA\v5.0\libnvvp\;C:\Windows\system32;C:\Windows;C:\Windows\System32\Wbem;C:\Windows\System32\WindowsPowerShell\v1.0\;C:\Program Files\MATLAB\R2013a\runtime\win64;C:\Program Files\MATLAB\R2013a\bin;c:\Program Files (x86)\Microsoft SQL Server\100\Tools\Binn\;c:\Program Files\Microsoft SQL Server\100\Tools\Binn\;c:\Program Files\Microsoft SQL Server\100\DTS\Binn\;C:\Program Files (x86)\CMake 2.8\bin;C:\Program Files\Microsoft Windows Performance Toolkit\;C:\Program Files (x86)\Microsoft Visual Studio 10.0\VC\bin;C:\Users\antonio\Documents\opencv_build_32bits\install\bin;C:\opencv\build\x86\vc10\bin;C:\Program Files (x86)\Git\cmd;C:\ProgramData\NVIDIA Corporation\NVIDIA GPU Computing SDK 4.1\C\common\bin;C:\Python27\;C:\Python27\bin;C:\Program Files (x86)\QuickTime\QTSystem\;C:\Program Files (x86)\Google\google_appengine\;C:\Python27
USERNAME=antonio
OS=Windows_NT
PROCESSOR_IDENTIFIER=Intel64 Family 6 Model 23 Stepping 10, GenuineIntel



---------------  S Y S T E M  ---------------

OS: Windows 7 Build 7601 Service Pack 1

CPU:total 2 (2 cores per cpu, 1 threads per core) family 6 model 23 stepping 10, cmov, cx8, fxsr, mmx, sse, sse2, sse3, ssse3

Memory: 4k page, physical 3603704k(185228k free), swap 4603864k(35568k free)

vm_info: Java HotSpot(TM) 64-Bit Server VM (14.3-b01) for windows-amd64 JRE (1.6.0_17-b04), built on Oct 11 2009 00:46:08 by "java_re" with MS VC++ 8.0

time: Tue Nov 19 10:54:43 2013
elapsed time: 2089 seconds

